1690290515991:help
1690290526021:version
1690290560141:-version
1690290564158:--version
1690290568176:version
1690290614317:exit
1690290696293:help
1690290705326:history
1690291018451:exit
1690291127391:help
1690291143447:add 10 7
1690291151478:add 10 -11
1690291278541:help
1690291409335:print John
1690291422383:sub 100, 90
1690291441464:sub 100 90
1690291454521:sub 1 -100
1690291476621:sub 1 10
1690291593048:print LOLOLO1233
1690291605091:print 1134LOLORORo
1690291830602:help
1690293084015:get
1690293093046:get some
1690293098070:get url
1690293221043:help
1690293229073:get www.some.com
1690293301923:get www.a1.at
1690293935358:get www.boredapi.com
1690293962836:get
1690293973882:get www.boredapi.com
1690294090097:get http://www.boredapi.com/api/activity/
1690637011280:get
1690641857524:help
1690641861536:get
1690643938855:getr
1690644012645:get
1690647640717:stacktrace
1690647753191:get
1690649092762:getr
1690649097772:get
1690649935472:help
1690649942497:hello
1690649965579:hello john
1690651834249:get
1690651840275:get music
1690652191389:help
1690652197395:hello
1690652210439:hello oida
1690652303783:hello --echo LOL
1690652941925:get coocking
1690652954969:get cooking
1690652982061:get social
1690653130080:get cooking
1690653136096:get musik
1690653143113:get music
1690653181239:get
1690653244242:get --a social
1690653266302:get --a diy
1690653457434:get -p 2
1690653588197:get -a social
1690653602248:get --p 2
1690653629330:get --a music
1690653932826:get -a social
1690653941851:get --a social
1690653971961:get --a social --p 2
1690655859078:get
1690655881158:get --a social --p 2
1690656357767:get --a social
1690656378835:get --p 2
1690656455857:get --a social
1690656605630:get --a social --p 2
1690656639578:get --p 3 --a social
1690656737877:get --a music --p 10
1690656750925:shell:>
1690656757949:asd
1690656770003:get --a music --p 3
1690656790079:get --a music --p 2
1690656801119:get --a music --p 1
1690657233275:get --p 2
1690657261374:get --p 10
1690657271416:get --p5
1690657281451:get --p 5
1690657382680:get --c 0.1
1690657398728:get --k 5534113
1690657488068:shell --k 600500
1690657493089:get
1690657504132:get --key 8033599
1690657512154:get --k 8033599
1690658255429:get --t music
1690658375427:get --a music
1690658396498:get --t social -p 2
1690658459731:get --t social --p 2
1690658849889:get --t music --p 2
1690659072951:get --t social --p 2
1690659431942:get
1690659454024:get --t social --p 2
1690660184597:get --c 1
1690660201658:get --c 1.00
1690660234760:get --a 1
1690660279918:get --k 2565076
1690660297980:get --c 0.05
1690660383042:get --c 1.00
1690660396082:get --c 0.05
1690660583957:get --t social
1690660636290:get --t music
1690660714505:get --t social --p 2
1690660814476:get --t social --c 0.05
1690660958487:get --t cooking --c 0.0
1690661038661:get --t social --p 3
1690720270721:shelp
1690720272719:help
1690720278750:add 2-3
1690720284780:add 2 3
1690721284600:get
1690739566549:get --k 8000
1690739573576:get
1690739714797:get --k 2277801
1690740217487:get
1690740254015:get social
1690740266061:get music
1690740279097:get social
1690740314230:get participants=5
1690740325273:get participants=3
1690740339323:get participants 2
1690740351354:get participants=2
1690740357372:get music
1690741004881:get educational
1690741020932:get recreational
1690741033972:get social
1690741114420:get --t social
1690741312800:get
1690741374301:get social
